INFO - access 09-20-13 09:00:51 ::1
INFO - access 09-20-13 09:04:55 ::1
INFO - access 09-20-13 09:05:04 ::1
INFO - access 09-20-13 09:08:31 ::1
INFO - access 09-20-13 09:08:35 ::1
INFO - access 09-20-13 09:08:48 ::1
INFO - access 09-20-13 09:09:19 ::1
INFO - access 09-20-13 09:09:43 ::1
INFO - access 09-20-13 09:11:34 ::1
INFO - access 09-20-13 09:11:35 ::1
INFO - access 09-20-13 09:12:15 ::1
INFO - access 09-20-13 09:12:15
INFO - access 09-20-13 09:12:31 ::1
INFO - access 09-20-13 09:12:31
INFO - access 09-20-13 09:15:02 ::1
INFO - access 09-20-13 09:15:09 ::1
INFO - clinic access 09-20-13 09:15:56 ::1
INFO - access 09-20-13 09:18:17 ::1
INFO - access 
INFO - access 09-20-13 09:18:25 ::1
INFO - access ms
INFO - access 09-20-13 09:21:55 ::1
INFO - access 
INFO - access 09-20-13 09:22:03 ::1
INFO - access ms
INFO - access 09-20-13 09:23:23 ::1
INFO - access 
INFO - access 09-20-13 09:23:32 ::1
INFO - access 
INFO - access 09-20-13 09:23:39 ::1
INFO - access ms
INFO - clinic access 09-20-13 09:23:56 ::1
INFO - access 09-20-13 09:26:14 ::1
INFO - access 
INFO - access 09-20-13 09:26:20 ::1
INFO - access ms
INFO - clinic access 09-20-13 09:26:40 ::1
INFO - clinic access 09-20-13 09:26:57 ::1
INFO - access 09-20-13 09:26:57 ::1
INFO - access 
INFO - access 09-20-13 09:27:04 ::1
INFO - access ms
INFO - access 09-20-13 09:28:25 ::1
INFO - access 
INFO - access 09-20-13 09:28:26 ::1
INFO - access 
INFO - access 09-20-13 09:28:33 ::1
INFO - access ms
INFO - access 09-20-13 09:29:17 ::1
INFO - access 
INFO - access 09-20-13 09:29:22 ::1
INFO - access ms
INFO - index access 09-20-13 09:30:46 ::1
INFO - index access 
INFO - index access 09-20-13 09:30:47 ::1
INFO - index access 
INFO - index access 09-20-13 09:30:54 ::1
INFO - index access ms
INFO - index access 09-20-13 09:32:20 ::1
INFO - index access 
INFO - index access 09-20-13 09:32:27 ::1
INFO - index access ms
INFO - index access 09-20-13 09:33:56 ::1
INFO - index access 
INFO - index access 09-20-13 09:33:57 ::1
INFO - index access 
INFO - index access 09-20-13 09:34:20 ::1
INFO - index access ms
INFO - index access 09-20-13 09:35:26 ::1
INFO - index access 
INFO - index access 09-20-13 09:35:28 ::1
INFO - index access 
INFO - index access 09-20-13 09:35:34 ::1
INFO - index access ms
INFO - clinic access 09-20-13 09:35:54 ::1
INFO - access 09-20-13 09:38:59 
INFO - access 09-20-13 09:39:10 
INFO - clinic access 09-20-13 09:39:19 ::1
INFO - access 09-20-13 09:40:00 
INFO - access 09-20-13 09:40:01 
INFO - access 09-20-13 09:40:16 
INFO - access 09-20-13 09:40:29 
INFO - access 09-20-13 09:41:50 ::1 
INFO - access 09-20-13 09:41:56 ::1 ms
INFO - access 09-20-13 10:02:11 ::1 
INFO - access 09-20-13 10:02:21 ::1 ms
INFO - access 09-20-13 10:02:59 ::1 
INFO - access 09-20-13 10:03:03 ::1 
INFO - access 09-20-13 10:03:09 ::1 ms
INFO - access 09-20-13 10:05:31 ::1 
INFO - access 09-20-13 10:05:33 ::1 ms
INFO - access 09-20-13 10:08:41 ::1 
INFO - access 09-20-13 10:08:43 ::1 ms
INFO - access 09-20-13 10:10:20 ::1 
INFO - access 09-20-13 10:10:22 ::1 
INFO - access 09-20-13 10:10:23 ::1 ms
INFO - access 09-20-13 10:11:19 ::1 
INFO - access 09-20-13 10:11:21 ::1 
INFO - access 09-20-13 10:11:22 ::1 ms
INFO - access 09-20-13 10:18:38 ::1 
INFO - access 09-20-13 10:18:40 ::1 
INFO - GRHOP: 09-20-13 11:08:53 ::1 12
INFO - GRHOP: 09-20-13 11:09:02 ::1 www
INFO - GRHOP: 09-20-13 11:09:12 ::1 ms
INFO - GRHOP: 09-20-13 11:10:02 ::1 www
INFO - GRHOP: 09-20-13 11:10:03 ::1 ms
INFO - GRHOP_LOGIN: 09-20-13 11:10:03 ::1 
INFO - GRHOP: 09-20-13 11:12:14 ::1 www
INFO - GRHOP: 09-20-13 11:12:16 ::1 ms
INFO - GRHOP_LOGIN: 09-20-13 11:12:16 ::1 
INFO - GRHOP: 09-20-13 11:12:28 ::1 www
INFO - GRHOP: 09-20-13 11:12:32 ::1 www
INFO - GRHOP: 09-20-13 11:12:50 ::1 ms
INFO - GRHOP_LOGIN: 09-20-13 11:12:50 ::1 
INFO - GRHOP: 09-20-13 11:13:02 ::1 www
INFO - GRHOP: 09-20-13 11:13:05 ::1 www
INFO - GRHOP: 09-20-13 11:13:28 ::1 ms
INFO - GRHOP_LOGIN: 09-20-13 11:13:28 ::1 
INFO - GRHOP: 09-21-13 07:51:18 ::1 ms
INFO - GRHOP_LOGIN: 09-21-13 07:51:18 ::1 
INFO - GRHOP_LOGIN: 09-21-13 07:51:21 ::1 
INFO - GRHOP: 09-21-13 07:51:23 ::1 ms
INFO - GRHOP_LOGIN: 09-21-13 07:51:23 ::1 
INFO - GRHOP_LOGIN: 09-21-13 07:51:57 ::1 
INFO - GRHOP: 09-21-13 07:52:40 ::1 ms
INFO - GRHOP_LOGIN: 09-21-13 07:52:40 ::1 
INFO - GRHOP: 09-21-13 07:57:50 ::1 ms
INFO - GRHOP_LOGIN: 09-21-13 07:57:50 ::1 
INFO - GRHOP_LOGIN: 09-21-13 07:57:53 ::1 
INFO - GRHOP: 09-21-13 07:57:54 ::1 ms
INFO - GRHOP_LOGIN: 09-21-13 07:57:54 ::1 
INFO - GRHOP_LOGIN: 09-21-13 07:59:30 ::1 
INFO - GRHOP_LOGIN: 09-21-13 08:00:31 ::1 
INFO - GRHOP: 09-21-13 08:00:33 ::1 ms
INFO - GRHOP_LOGIN: 09-21-13 08:00:33 ::1 
INFO - GRHOP: 09-21-13 08:03:09 ::1 ms
INFO - GRHOP_LOGIN: 09-21-13 08:03:09 ::1 
INFO - GRHOP_LOGIN: 09-21-13 08:03:41 ::1 
INFO - GRHOP: 09-21-13 08:04:51 ::1 ms
INFO - GRHOP_LOGIN: 09-21-13 08:04:51 ::1 
INFO - GRHOP: 09-21-13 08:07:33 ::1 ms
INFO - GRHOP_LOGIN: 09-21-13 08:07:33 ::1 
INFO - GRHOP: 09-21-13 08:42:53 ::1 ms
INFO - GRHOP_LOGIN: 09-21-13 08:42:53 ::1 
INFO - GRHOP: 09-21-13 08:43:53 ::1 ms
INFO - GRHOP_LOGIN: 09-21-13 08:43:53 ::1 
INFO - GRHOP: 09-25-13 04:27:51 ::1 ms
INFO - GRHOP_LOGIN: 09-25-13 04:27:51 ::1 
INFO - GRHOP: 09-25-13 04:28:27 ::1 ms
INFO - GRHOP_LOGIN: 09-25-13 04:28:27 ::1 
INFO - GRHOP_LOGIN: 09-25-13 04:31:15 ::1 
INFO - GRHOP: 09-25-13 04:31:16 ::1 ms
INFO - GRHOP_LOGIN: 09-25-13 04:31:16 ::1 
INFO - GRHOP: 09-25-13 04:41:52 ::1 ms
INFO - GRHOP_LOGIN: 09-25-13 04:41:52 ::1 
INFO - GRHOP: 09-25-13 04:43:34 ::1 ms
INFO - GRHOP_LOGIN: 09-25-13 04:43:34 ::1 
INFO - GRHOP: 09-25-13 04:44:11 ::1 ms
INFO - GRHOP_LOGIN: 09-25-13 04:44:11 ::1 
INFO - GRHOP: 09-30-13 03:50:10 ::1 ms
INFO - GRHOP_LOGIN: 09-30-13 03:50:12 ::1 
INFO - GRHOP: 09-30-13 03:51:26 ::1 ms
INFO - GRHOP_LOGIN: 09-30-13 03:51:26 ::1 
INFO - GRHOP_LOGIN: 09-30-13 03:52:51 ::1 
INFO - GRHOP: 09-30-13 03:52:52 ::1 ms
INFO - GRHOP_LOGIN: 09-30-13 03:52:52 ::1 
INFO - GRHOP_LOGIN: 09-30-13 03:53:26 ::1 
INFO - GRHOP: 09-30-13 03:53:28 ::1 ms
INFO - GRHOP_LOGIN: 09-30-13 03:53:28 ::1 
INFO - GRHOP: 10-01-13 02:52:08 ::1 ms
INFO - GRHOP_LOGIN: 10-01-13 02:52:09 ::1 
INFO - GRHOP: 10-01-13 02:55:10 ::1 ms
INFO - GRHOP_LOGIN: 10-01-13 02:55:10 ::1 
INFO - GRHOP: 10-01-13 03:00:01 ::1 ms
INFO - GRHOP_LOGIN: 10-01-13 03:00:01 ::1 
INFO - GRHOP: 10-01-13 03:02:30 ::1 ms
INFO - GRHOP_LOGIN: 10-01-13 03:02:30 ::1 
INFO - GRHOP: 10-01-13 03:05:51 ::1 ms
INFO - GRHOP_LOGIN: 10-01-13 03:05:51 ::1 
INFO - GRHOP: 10-01-13 03:06:50 ::1 ms
INFO - GRHOP_LOGIN: 10-01-13 03:06:50 ::1 
INFO - GRHOP: 10-01-13 03:07:43 ::1 ms
INFO - GRHOP_LOGIN: 10-01-13 03:07:43 ::1 
INFO - GRHOP: 10-01-13 03:27:20 ::1 ms
INFO - GRHOP_LOGIN: 10-01-13 03:27:21 ::1 
INFO - GRHOP: 10-01-13 03:28:51 ::1 ms
INFO - GRHOP_LOGIN: 10-01-13 03:28:51 ::1 
INFO - GRHOP: 10-01-13 03:31:14 ::1 ms
INFO - GRHOP_LOGIN: 10-01-13 03:31:14 ::1 
INFO - GRHOP: 10-01-13 03:32:15 ::1 ms
INFO - GRHOP_LOGIN: 10-01-13 03:32:15 ::1 
INFO - GRHOP: 10-02-13 02:29:05 ::1 ms
INFO - GRHOP_LOGIN: 10-02-13 02:29:05 ::1 
INFO - GRHOP: 10-02-13 02:36:04 ::1 ms
INFO - GRHOP_LOGIN: 10-02-13 02:36:04 ::1 
INFO - GRHOP: 10-02-13 02:36:50 ::1 ms
INFO - GRHOP_LOGIN: 10-02-13 02:36:50 ::1 
INFO - GRHOP: 10-02-13 02:37:48 ::1 ms
INFO - GRHOP_LOGIN: 10-02-13 02:37:48 ::1 
INFO - GRHOP: 10-02-13 02:39:23 ::1 ms
INFO - GRHOP_LOGIN: 10-02-13 02:39:24 ::1 
INFO - GRHOP: 10-02-13 02:40:09 ::1 ms
INFO - GRHOP_LOGIN: 10-02-13 02:40:09 ::1 
INFO - GRHOP: 10-02-13 02:40:56 ::1 ms
INFO - GRHOP_LOGIN: 10-02-13 02:40:56 ::1 
INFO - GRHOP: 10-02-13 02:47:53 ::1 ms
INFO - GRHOP_LOGIN: 10-02-13 02:47:53 ::1 
INFO - GRHOP: 10-02-13 02:48:30 ::1 ms
INFO - GRHOP_LOGIN: 10-02-13 02:48:30 ::1 
INFO - GRHOP: 10-02-13 02:50:42 ::1 ms
INFO - GRHOP_LOGIN: 10-02-13 02:50:42 ::1 
INFO - GRHOP: 10-02-13 02:51:23 ::1 ms
INFO - GRHOP_LOGIN: 10-02-13 02:51:23 ::1 
INFO - GRHOP: 10-02-13 02:53:55 ::1 ms
INFO - GRHOP_LOGIN: 10-02-13 02:53:55 ::1 
INFO - GRHOP: 10-02-13 02:54:55 ::1 ms
INFO - GRHOP_LOGIN: 10-02-13 02:54:55 ::1 
INFO - GRHOP: 10-02-13 02:56:32 ::1 ms
INFO - GRHOP_LOGIN: 10-02-13 02:56:32 ::1 
INFO - GRHOP: 10-02-13 02:57:37 ::1 ms
INFO - GRHOP_LOGIN: 10-02-13 02:57:37 ::1 
INFO - GRHOP: 10-02-13 02:59:49 127.0.0.1 ms
INFO - GRHOP_LOGIN: 10-02-13 02:59:49 127.0.0.1 
INFO - GRHOP: 10-02-13 03:00:07 ::1 ms
INFO - GRHOP_LOGIN: 10-02-13 03:00:07 ::1 
INFO - GRHOP: 10-02-13 03:00:34 ::1 ms
INFO - GRHOP_LOGIN: 10-02-13 03:00:34 ::1 
INFO - GRHOP: 10-02-13 03:03:21 ::1 ms
INFO - GRHOP_LOGIN: 10-02-13 03:03:21 ::1 
INFO - GRHOP: 10-02-13 03:04:31 ::1 ms
INFO - GRHOP_LOGIN: 10-02-13 03:04:31 ::1 
INFO - GRHOP: 10-02-13 03:19:15 ::1 ms
INFO - GRHOP_LOGIN: 10-02-13 03:19:15 ::1 
INFO - GRHOP: 10-02-13 03:22:23 ::1 ms
INFO - GRHOP_LOGIN: 10-02-13 03:22:23 ::1 
INFO - GRHOP: 10-02-13 03:27:43 ::1 ms
INFO - GRHOP_LOGIN: 10-02-13 03:27:43 ::1 
INFO - GRHOP: 10-02-13 03:51:38 ::1 ms
INFO - GRHOP_LOGIN: 10-02-13 03:51:38 ::1 
INFO - GRHOP: 10-02-13 03:52:43 ::1 ms
INFO - GRHOP_LOGIN: 10-02-13 03:52:43 ::1 
INFO - GRHOP: 10-02-13 03:53:23 ::1 ms
INFO - GRHOP_LOGIN: 10-02-13 03:53:23 ::1 
INFO - GRHOP: 10-02-13 03:53:44 ::1 ms
INFO - GRHOP_LOGIN: 10-02-13 03:53:44 ::1 
INFO - GRHOP: 10-02-13 03:54:32 ::1 ms
INFO - GRHOP_LOGIN: 10-02-13 03:54:32 ::1 
INFO - GRHOP: 10-02-13 03:56:34 127.0.0.1 ms
INFO - GRHOP_LOGIN: 10-02-13 03:56:34 127.0.0.1 
INFO - GRHOP: 10-02-13 03:59:37 127.0.0.1 ms
INFO - GRHOP_LOGIN: 10-02-13 03:59:37 127.0.0.1 
INFO - GRHOP: 10-02-13 04:03:44 127.0.0.1 ms
INFO - GRHOP_LOGIN: 10-02-13 04:03:44 127.0.0.1 
INFO - GRHOP: 10-02-13 04:06:47 127.0.0.1 ms
INFO - GRHOP_LOGIN: 10-02-13 04:06:47 127.0.0.1 
INFO - GRHOP: 10-04-13 09:15:25 127.0.0.1 ms
INFO - GRHOP_LOGIN: 10-04-13 09:15:26 127.0.0.1 
INFO - GRHOP: 10-04-13 09:17:53 127.0.0.1 ms
INFO - GRHOP_LOGIN: 10-04-13 09:17:53 127.0.0.1 
INFO - GRHOP: 10-04-13 09:43:12 127.0.0.1 ms
INFO - GRHOP_LOGIN: 10-04-13 09:43:12 127.0.0.1 
INFO - GRHOP: 10-04-13 09:43:26 127.0.0.1 ms
INFO - GRHOP_LOGIN: 10-04-13 09:43:26 127.0.0.1 
INFO - GRHOP: 10-04-13 09:45:10 127.0.0.1 ms
INFO - GRHOP_LOGIN: 10-04-13 09:45:10 127.0.0.1 
INFO - GRHOP: 10-04-13 09:46:06 127.0.0.1 ms
INFO - GRHOP_LOGIN: 10-04-13 09:46:06 127.0.0.1 
INFO - GRHOP: 10-04-13 09:47:37 127.0.0.1 ms
INFO - GRHOP_LOGIN: 10-04-13 09:47:37 127.0.0.1 
INFO - GRHOP: 10-04-13 09:48:12 127.0.0.1 ms
INFO - GRHOP_LOGIN: 10-04-13 09:48:12 127.0.0.1 
INFO - GRHOP: 10-04-13 09:49:22 127.0.0.1 ms
INFO - GRHOP_LOGIN: 10-04-13 09:49:22 127.0.0.1 
INFO - GRHOP: 10-04-13 09:50:04 127.0.0.1 ms
INFO - GRHOP_LOGIN: 10-04-13 09:50:04 127.0.0.1 
INFO - GRHOP: 10-04-13 09:50:38 127.0.0.1 ms
INFO - GRHOP_LOGIN: 10-04-13 09:50:38 127.0.0.1 
INFO - GRHOP: 10-04-13 09:52:01 127.0.0.1 ms
INFO - GRHOP_LOGIN: 10-04-13 09:52:01 127.0.0.1 
INFO - GRHOP: 10-04-13 11:22:23 127.0.0.1 ms
INFO - GRHOP_LOGIN: 10-04-13 11:22:23 127.0.0.1 
INFO - GRHOP: 10-04-13 11:23:51 127.0.0.1 ms
INFO - GRHOP_LOGIN: 10-04-13 11:23:51 127.0.0.1 
INFO - GRHOP: 10-04-13 11:26:11 127.0.0.1 ms
INFO - GRHOP_LOGIN: 10-04-13 11:26:11 127.0.0.1 
INFO - GRHOP: 10-04-13 11:29:16 127.0.0.1 ms
INFO - GRHOP_LOGIN: 10-04-13 11:29:16 127.0.0.1 
INFO - GRHOP: 10-04-13 11:30:03 127.0.0.1 ms
INFO - GRHOP_LOGIN: 10-04-13 11:30:03 127.0.0.1 
INFO - GRHOP: 10-04-13 11:30:55 127.0.0.1 ms
INFO - GRHOP_LOGIN: 10-04-13 11:30:55 127.0.0.1 
INFO - GRHOP: 10-04-13 11:33:00 127.0.0.1 ms
INFO - GRHOP_LOGIN: 10-04-13 11:33:00 127.0.0.1 
INFO - GRHOP: 10-05-13 09:08:10 127.0.0.1 ms
INFO - GRHOP_LOGIN: 10-05-13 09:08:10 127.0.0.1 
INFO - GRHOP: 10-05-13 09:10:21 127.0.0.1 ms
INFO - GRHOP_LOGIN: 10-05-13 09:10:21 127.0.0.1 
INFO - GRHOP: 10-05-13 09:12:20 127.0.0.1 ms
INFO - GRHOP_LOGIN: 10-05-13 09:12:20 127.0.0.1 
INFO - GRHOP: 10-05-13 09:28:57 127.0.0.1 ms
INFO - GRHOP_LOGIN: 10-05-13 09:28:58 127.0.0.1 
INFO - GRHOP: 10-05-13 10:34:58 127.0.0.1 ms
INFO - GRHOP_LOGIN: 10-05-13 10:34:58 127.0.0.1 
INFO - GRHOP: 10-05-13 10:41:07 127.0.0.1 ms
INFO - GRHOP_LOGIN: 10-05-13 10:41:07 127.0.0.1 
INFO - GRHOP: 10-05-13 10:45:33 127.0.0.1 ms
INFO - GRHOP_LOGIN: 10-05-13 10:45:33 127.0.0.1 
INFO - GRHOP: 10-05-13 10:46:13 127.0.0.1 ms
INFO - GRHOP_LOGIN: 10-05-13 10:46:13 127.0.0.1 
INFO - GRHOP: 10-05-13 10:47:51 127.0.0.1 ms
INFO - GRHOP_LOGIN: 10-05-13 10:47:51 127.0.0.1 
INFO - GRHOP: 10-05-13 10:50:40 127.0.0.1 ms
INFO - GRHOP_LOGIN: 10-05-13 10:50:40 127.0.0.1 
INFO - GRHOP: 10-05-13 11:13:03 127.0.0.1 ms
INFO - GRHOP_LOGIN: 10-05-13 11:13:04 127.0.0.1 
INFO - GRHOP: 10-05-13 11:19:10 127.0.0.1 ms
INFO - GRHOP_LOGIN: 10-05-13 11:19:10 127.0.0.1 
INFO - GRHOP: 10-05-13 11:20:56 127.0.0.1 ms
INFO - GRHOP_LOGIN: 10-05-13 11:20:56 127.0.0.1 
INFO - GRHOP: 10-05-13 11:24:16 127.0.0.1 ms
INFO - GRHOP_LOGIN: 10-05-13 11:24:16 127.0.0.1 
INFO - GRHOP: 10-06-13 10:46:18 127.0.0.1 ms
INFO - GRHOP_LOGIN: 10-06-13 10:46:18 127.0.0.1 
INFO - GRHOP: 10-06-13 11:41:55 127.0.0.1 ms
INFO - GRHOP_LOGIN: 10-06-13 11:41:55 127.0.0.1 
INFO - GRHOP: 10-06-13 11:43:05 127.0.0.1 ms
INFO - GRHOP_LOGIN: 10-06-13 11:43:05 127.0.0.1 
INFO - GRHOP: 10-06-13 11:43:42 127.0.0.1 ms
INFO - GRHOP_LOGIN: 10-06-13 11:43:42 127.0.0.1 
INFO - GRHOP: 10-06-13 11:44:18 127.0.0.1 ms
INFO - GRHOP_LOGIN: 10-06-13 11:44:18 127.0.0.1 
INFO - GRHOP: 10-06-13 11:52:27 127.0.0.1 ms
INFO - GRHOP_LOGIN: 10-06-13 11:52:27 127.0.0.1 
INFO - GRHOP: 10-06-13 11:59:10 127.0.0.1 ms
INFO - GRHOP_LOGIN: 10-06-13 11:59:10 127.0.0.1 
INFO - GRHOP: 10-06-13 12:01:20 127.0.0.1 ms
INFO - GRHOP_LOGIN: 10-06-13 12:01:20 127.0.0.1 
INFO - GRHOP: 10-06-13 12:09:43 127.0.0.1 ms
INFO - GRHOP_LOGIN: 10-06-13 12:09:43 127.0.0.1 
INFO - GRHOP: 10-06-13 12:16:01 127.0.0.1 ms
INFO - GRHOP_LOGIN: 10-06-13 12:16:01 127.0.0.1 
INFO - GRHOP: 10-06-13 12:18:30 127.0.0.1 ms
INFO - GRHOP_LOGIN: 10-06-13 12:18:30 127.0.0.1 
INFO - GRHOP: 10-06-13 12:27:10 127.0.0.1 ms
INFO - GRHOP_LOGIN: 10-06-13 12:27:10 127.0.0.1 
INFO - GRHOP: 10-06-13 12:28:48 127.0.0.1 ms
INFO - GRHOP_LOGIN: 10-06-13 12:28:48 127.0.0.1 
INFO - GRHOP: 10-06-13 12:29:50 127.0.0.1 ms
INFO - GRHOP_LOGIN: 10-06-13 12:29:50 127.0.0.1 
INFO - GRHOP: 10-06-13 12:30:41 127.0.0.1 ms
INFO - GRHOP_LOGIN: 10-06-13 12:30:41 127.0.0.1 
INFO - GRHOP: 10-06-13 12:47:25 127.0.0.1 ms
INFO - GRHOP_LOGIN: 10-06-13 12:47:26 127.0.0.1 
INFO - GRHOP: 10-06-13 12:48:42 127.0.0.1 ms
INFO - GRHOP_LOGIN: 10-06-13 12:48:42 127.0.0.1 
INFO - GRHOP: 10-06-13 12:49:25 127.0.0.1 ms
INFO - GRHOP_LOGIN: 10-06-13 12:49:25 127.0.0.1 
INFO - GRHOP: 10-06-13 12:50:33 127.0.0.1 ms
INFO - GRHOP_LOGIN: 10-06-13 12:50:33 127.0.0.1 
INFO - GRHOP: 10-06-13 12:51:19 127.0.0.1 ms
INFO - GRHOP_LOGIN: 10-06-13 12:51:19 127.0.0.1 
INFO - GRHOP: 10-06-13 12:51:48 127.0.0.1 ms
INFO - GRHOP_LOGIN: 10-06-13 12:51:48 127.0.0.1 
INFO - GRHOP: 10-06-13 01:03:14 127.0.0.1 ms
INFO - GRHOP_LOGIN: 10-06-13 01:03:14 127.0.0.1 
INFO - GRHOP: 10-06-13 01:03:35 127.0.0.1 ms
INFO - GRHOP_LOGIN: 10-06-13 01:03:35 127.0.0.1 
INFO - GRHOP: 10-06-13 01:04:23 127.0.0.1 ms
INFO - GRHOP_LOGIN: 10-06-13 01:04:23 127.0.0.1 
INFO - GRHOP: 10-06-13 01:04:46 127.0.0.1 ms
INFO - GRHOP_LOGIN: 10-06-13 01:04:46 127.0.0.1 
INFO - GRHOP: 10-06-13 01:06:07 127.0.0.1 ms
INFO - GRHOP_LOGIN: 10-06-13 01:06:07 127.0.0.1 
INFO - GRHOP: 10-06-13 01:07:35 127.0.0.1 ms
INFO - GRHOP_LOGIN: 10-06-13 01:07:35 127.0.0.1 
INFO - GRHOP: 10-06-13 01:12:47 127.0.0.1 ms
INFO - GRHOP_LOGIN: 10-06-13 01:12:47 127.0.0.1 
INFO - GRHOP: 10-08-13 09:13:54 ::1 ms
INFO - GRHOP_LOGIN: 10-08-13 09:13:54 ::1 
INFO - GRHOP: 10-08-13 09:25:09 127.0.0.1 ms
INFO - GRHOP_LOGIN: 10-08-13 09:25:09 127.0.0.1 
INFO - GRHOP: 10-08-13 09:25:39 127.0.0.1 ms
INFO - GRHOP_LOGIN: 10-08-13 09:25:39 127.0.0.1 
INFO - GRHOP: 10-08-13 09:42:49 127.0.0.1 ms
INFO - GRHOP_LOGIN: 10-08-13 09:42:49 127.0.0.1 
INFO - GRHOP_LOGIN: 10-08-13 09:42:52 127.0.0.1 
INFO - GRHOP: 10-08-13 09:42:53 127.0.0.1 ms
INFO - GRHOP_LOGIN: 10-08-13 09:42:53 127.0.0.1 
INFO - GRHOP: 10-09-13 12:50:08 127.0.0.1 ms
INFO - GRHOP_LOGIN: 10-09-13 12:50:08 127.0.0.1 
INFO - GRHOP: 10-09-13 12:51:00 127.0.0.1 ms
INFO - GRHOP_LOGIN: 10-09-13 12:51:00 127.0.0.1 
INFO - GRHOP: 10-09-13 12:51:52 127.0.0.1 ms
INFO - GRHOP_LOGIN: 10-09-13 12:51:52 127.0.0.1 
INFO - GRHOP: 10-09-13 12:52:36 127.0.0.1 ms
INFO - GRHOP_LOGIN: 10-09-13 12:52:36 127.0.0.1 
INFO - GRHOP: 10-09-13 12:54:55 127.0.0.1 ms
INFO - GRHOP_LOGIN: 10-09-13 12:54:55 127.0.0.1 
INFO - GRHOP: 10-09-13 12:55:32 127.0.0.1 ms
INFO - GRHOP_LOGIN: 10-09-13 12:55:32 127.0.0.1 
INFO - GRHOP: 10-09-13 12:56:05 127.0.0.1 ms
INFO - GRHOP_LOGIN: 10-09-13 12:56:05 127.0.0.1 
INFO - GRHOP: 10-09-13 12:56:34 127.0.0.1 ms
INFO - GRHOP_LOGIN: 10-09-13 12:56:34 127.0.0.1 
INFO - GRHOP: 10-09-13 12:58:38 127.0.0.1 ms
INFO - GRHOP_LOGIN: 10-09-13 12:58:38 127.0.0.1 
INFO - GRHOP: 10-10-13 09:38:20 ::1 ms
INFO - GRHOP_LOGIN: 10-10-13 09:38:20 ::1 
INFO - GRHOP: 10-11-13 10:31:13 ::1 ms
INFO - GRHOP_LOGIN: 10-11-13 10:31:14 ::1 
INFO - GRHOP: 10-11-13 10:37:56 ::1 ms
INFO - GRHOP_LOGIN: 10-11-13 10:37:56 ::1 
INFO - GRHOP: 10-11-13 10:39:22 ::1 ms
INFO - GRHOP_LOGIN: 10-11-13 10:39:22 ::1 
INFO - GRHOP: 10-11-13 10:40:37 ::1 ms
INFO - GRHOP_LOGIN: 10-11-13 10:40:37 ::1 
INFO - GRHOP: 10-11-13 10:43:44 ::1 ms
INFO - GRHOP_LOGIN: 10-11-13 10:43:44 ::1 
INFO - GRHOP: 10-15-13 10:47:38 ::1 ms
INFO - GRHOP_LOGIN: 10-15-13 10:47:38 ::1 
INFO - GRHOP: 10-15-13 10:51:22 ::1 ms
INFO - GRHOP_LOGIN: 10-15-13 10:51:22 ::1 
INFO - GRHOP: 10-15-13 10:52:47 ::1 ms
INFO - GRHOP_LOGIN: 10-15-13 10:52:47 ::1 
INFO - GRHOP: 10-15-13 10:55:32 ::1 ms
INFO - GRHOP_LOGIN: 10-15-13 10:55:32 ::1 
INFO - GRHOP: 10-15-13 10:58:07 ::1 ms
INFO - GRHOP_LOGIN: 10-15-13 10:58:07 ::1 
INFO - GRHOP: 10-15-13 10:58:44 ::1 ms
INFO - GRHOP_LOGIN: 10-15-13 10:58:44 ::1 
INFO - GRHOP: 10-15-13 11:11:33 ::1 ms
INFO - GRHOP_LOGIN: 10-15-13 11:11:33 ::1 
INFO - GRHOP: 10-15-13 11:18:42 ::1 ms
INFO - GRHOP_LOGIN: 10-15-13 11:18:42 ::1 
INFO - GRHOP: 10-15-13 11:23:02 ::1 ms
INFO - GRHOP_LOGIN: 10-15-13 11:23:02 ::1 
INFO - GRHOP: 10-15-13 11:26:18 ::1 ms
INFO - GRHOP_LOGIN: 10-15-13 11:26:18 ::1 
INFO - GRHOP: 10-15-13 11:28:03 ::1 ms
INFO - GRHOP_LOGIN: 10-15-13 11:28:03 ::1 
INFO - GRHOP: 10-15-13 11:28:21 ::1 ms
INFO - GRHOP_LOGIN: 10-15-13 11:28:21 ::1 
INFO - GRHOP: 10-15-13 11:29:16 ::1 ms
INFO - GRHOP_LOGIN: 10-15-13 11:29:16 ::1 
INFO - GRHOP: 10-16-13 03:18:33 ::1 ms
INFO - GRHOP_LOGIN: 10-16-13 03:18:33 ::1 
INFO - GRHOP: 10-16-13 03:22:08 ::1 ms
INFO - GRHOP_LOGIN: 10-16-13 03:22:08 ::1 
INFO - GRHOP: 10-16-13 03:23:21 ::1 ms
INFO - GRHOP_LOGIN: 10-16-13 03:23:21 ::1 
INFO - GRHOP: 10-16-13 03:26:16 ::1 ms
INFO - GRHOP_LOGIN: 10-16-13 03:26:16 ::1 
INFO - GRHOP: 10-16-13 03:28:13 ::1 ms
INFO - GRHOP_LOGIN: 10-16-13 03:28:13 ::1 
INFO - GRHOP: 10-16-13 03:34:04 ::1 ms
INFO - GRHOP_LOGIN: 10-16-13 03:34:04 ::1 
INFO - GRHOP: 10-16-13 03:42:03 ::1 ms
INFO - GRHOP_LOGIN: 10-16-13 03:42:03 ::1 
INFO - GRHOP: 10-16-13 03:44:43 ::1 ms
INFO - GRHOP_LOGIN: 10-16-13 03:44:43 ::1 
INFO - GRHOP: 10-16-13 03:48:24 ::1 ms
INFO - GRHOP_LOGIN: 10-16-13 03:48:24 ::1 
INFO - GRHOP: 10-16-13 03:57:09 ::1 ms
INFO - GRHOP_LOGIN: 10-16-13 03:57:09 ::1 
INFO - GRHOP: 10-17-13 09:25:07 ::1 ms
INFO - GRHOP_LOGIN: 10-17-13 09:25:07 ::1 
INFO - GRHOP: 10-17-13 09:26:04 ::1 ms
INFO - GRHOP_LOGIN: 10-17-13 09:26:04 ::1 
INFO - GRHOP: 10-17-13 09:26:46 ::1 ms
INFO - GRHOP_LOGIN: 10-17-13 09:26:46 ::1 
INFO - GRHOP: 10-17-13 09:28:36 ::1 ms
INFO - GRHOP_LOGIN: 10-17-13 09:28:36 ::1 
INFO - GRHOP: 10-17-13 09:30:29 ::1 ms
INFO - GRHOP_LOGIN: 10-17-13 09:30:29 ::1 
INFO - GRHOP: 10-17-13 09:31:39 ::1 ms
INFO - GRHOP_LOGIN: 10-17-13 09:31:39 ::1 
INFO - GRHOP: 10-17-13 09:34:09 ::1 ms
INFO - GRHOP_LOGIN: 10-17-13 09:34:09 ::1 
INFO - GRHOP: 10-17-13 09:35:20 ::1 ms
INFO - GRHOP_LOGIN: 10-17-13 09:35:20 ::1 
INFO - GRHOP: 10-17-13 09:37:50 ::1 ms
INFO - GRHOP_LOGIN: 10-17-13 09:37:50 ::1 
INFO - GRHOP: 10-17-13 09:39:26 ::1 ms
INFO - GRHOP_LOGIN: 10-17-13 09:39:26 ::1 
INFO - GRHOP: 10-17-13 01:40:38 ::1 ms
INFO - GRHOP_LOGIN: 10-17-13 01:40:38 ::1 
INFO - GRHOP: 10-17-13 01:42:19 ::1 ms
INFO - GRHOP_LOGIN: 10-17-13 01:42:19 ::1 
INFO - GRHOP: 10-17-13 01:44:41 ::1 ms
INFO - GRHOP_LOGIN: 10-17-13 01:44:41 ::1 
INFO - GRHOP: 10-17-13 01:46:50 ::1 ms
INFO - GRHOP_LOGIN: 10-17-13 01:46:50 ::1 
INFO - GRHOP: 10-17-13 02:40:24 ::1 ms
INFO - GRHOP_LOGIN: 10-17-13 02:40:24 ::1 
INFO - GRHOP: 10-17-13 03:20:13 ::1 ms
INFO - GRHOP_LOGIN: 10-17-13 03:20:13 ::1 
INFO - GRHOP: 10-17-13 03:21:40 ::1 ms
INFO - GRHOP_LOGIN: 10-17-13 03:21:40 ::1 
INFO - GRHOP: 10-17-13 03:23:23 ::1 ms
INFO - GRHOP_LOGIN: 10-17-13 03:23:23 ::1 
INFO - GRHOP: 10-17-13 03:23:33 ::1 ms
INFO - GRHOP_LOGIN: 10-17-13 03:23:33 ::1 
INFO - GRHOP: 10-17-13 05:17:49 ::1 ms
INFO - GRHOP_LOGIN: 10-17-13 05:17:49 ::1 
INFO - GRHOP: 10-17-13 05:18:12 ::1 ms
INFO - GRHOP_LOGIN: 10-17-13 05:18:12 ::1 
INFO - GRHOP: 10-17-13 05:21:52 ::1 ms
INFO - GRHOP_LOGIN: 10-17-13 05:21:52 ::1 
INFO - GRHOP: 10-17-13 05:23:28 ::1 ms
INFO - GRHOP_LOGIN: 10-17-13 05:23:28 ::1 
INFO - GRHOP: 10-17-13 05:27:07 ::1 ms
INFO - GRHOP_LOGIN: 10-17-13 05:27:07 ::1 
INFO - GRHOP: 10-17-13 05:30:40 ::1 ms
INFO - GRHOP_LOGIN: 10-17-13 05:30:40 ::1 
INFO - GRHOP: 10-19-13 11:12:43 ::1 ms
INFO - GRHOP_LOGIN: 10-19-13 11:12:43 ::1 
INFO - GRHOP: 10-19-13 11:13:55 ::1 ms
INFO - GRHOP_LOGIN: 10-19-13 11:13:55 ::1 
INFO - GRHOP: 10-19-13 11:15:37 ::1 ms
INFO - GRHOP_LOGIN: 10-19-13 11:15:37 ::1 
INFO - GRHOP: 10-19-13 11:16:32 ::1 ms
INFO - GRHOP_LOGIN: 10-19-13 11:16:32 ::1 
INFO - GRHOP: 10-19-13 11:18:31 ::1 ms
INFO - GRHOP_LOGIN: 10-19-13 11:18:31 ::1 
INFO - GRHOP: 10-19-13 11:28:49 ::1 ms
INFO - GRHOP_LOGIN: 10-19-13 11:28:50 ::1 
INFO - GRHOP: 10-19-13 12:02:22 ::1 ms
INFO - GRHOP_LOGIN: 10-19-13 12:02:23 ::1 
INFO - GRHOP: 10-19-13 12:04:12 ::1 ms
INFO - GRHOP_LOGIN: 10-19-13 12:04:13 ::1 
INFO - GRHOP: 10-19-13 12:04:53 ::1 ms
INFO - GRHOP_LOGIN: 10-19-13 12:04:53 ::1 
INFO - GRHOP: 10-19-13 12:06:47 ::1 ms
INFO - GRHOP_LOGIN: 10-19-13 12:06:47 ::1 
INFO - GRHOP: 10-19-13 12:07:00 ::1 ms
INFO - GRHOP_LOGIN: 10-19-13 12:07:00 ::1 
INFO - GRHOP: 10-19-13 12:08:23 ::1 ms
INFO - GRHOP_LOGIN: 10-19-13 12:08:23 ::1 
INFO - GRHOP: 10-19-13 01:15:01 ::1 ms
INFO - GRHOP_LOGIN: 10-19-13 01:15:01 ::1 
INFO - GRHOP: 10-19-13 01:18:18 ::1 ms
INFO - GRHOP_LOGIN: 10-19-13 01:18:18 ::1 
INFO - GRHOP: 10-19-13 01:21:46 ::1 ms
INFO - GRHOP_LOGIN: 10-19-13 01:21:46 ::1 
INFO - GRHOP: 10-19-13 01:26:01 ::1 ms
INFO - GRHOP_LOGIN: 10-19-13 01:26:01 ::1 
INFO - GRHOP: 10-19-13 01:28:24 ::1 ms
INFO - GRHOP_LOGIN: 10-19-13 01:28:24 ::1 
INFO - GRHOP: 10-19-13 02:40:35 ::1 ms
INFO - GRHOP_LOGIN: 10-19-13 02:40:35 ::1 
INFO - GRHOP: 10-19-13 02:41:37 ::1 ms
INFO - GRHOP_LOGIN: 10-19-13 02:41:37 ::1 
INFO - GRHOP: 10-19-13 02:42:03 ::1 ms
INFO - GRHOP_LOGIN: 10-19-13 02:42:03 ::1 
INFO - GRHOP: 10-19-13 02:42:20 ::1 ms
INFO - GRHOP_LOGIN: 10-19-13 02:42:20 ::1 
INFO - GRHOP: 10-19-13 02:42:54 ::1 ms
INFO - GRHOP_LOGIN: 10-19-13 02:42:54 ::1 
INFO - GRHOP: 10-19-13 02:43:45 ::1 ms
INFO - GRHOP_LOGIN: 10-19-13 02:43:45 ::1 
INFO - GRHOP: 11-03-13 05:07:36 ::1 ms
INFO - GRHOP_LOGIN: 11-03-13 05:07:37 ::1 
INFO - GRHOP: 11-05-13 02:27:14 ::1 ms
INFO - GRHOP_LOGIN: 11-05-13 02:27:14 ::1 
INFO - GRHOP: 11-05-13 02:29:17 ::1 ms
INFO - GRHOP_LOGIN: 11-05-13 02:29:17 ::1 
INFO - GRHOP_LOGIN: 11-05-13 02:31:08 ::1 
INFO - GRHOP_LOGIN: 11-05-13 02:31:30 ::1 
INFO - GRHOP_LOGIN: 11-05-13 02:32:51 ::1 
INFO - GRHOP: 11-05-13 02:32:57 ::1 ms
INFO - GRHOP_LOGIN: 11-05-13 02:32:57 ::1 
INFO - GRHOP_LOGIN: 11-05-13 02:33:02 ::1 
INFO - GRHOP: 11-05-13 02:34:14 ::1 ms
INFO - GRHOP_LOGIN: 11-05-13 02:34:14 ::1 
INFO - GRHOP: 11-05-13 02:34:21 ::1 ms
INFO - GRHOP_LOGIN: 11-05-13 02:34:21 ::1 
INFO - GRHOP: 11-06-13 02:04:11 ::1 ms
INFO - GRHOP_LOGIN: 11-06-13 02:04:11 ::1 
INFO - GRHOP_LOGIN: 11-06-13 02:04:15 ::1 
INFO - GRHOP: 11-06-13 02:04:16 ::1 ms
INFO - GRHOP_LOGIN: 11-06-13 02:04:16 ::1 
INFO - GRHOP: 11-06-13 02:05:33 ::1 ms
INFO - GRHOP_LOGIN: 11-06-13 02:05:33 ::1 
INFO - GRHOP: 11-06-13 02:18:56 ::1 ms
INFO - GRHOP_LOGIN: 11-06-13 02:18:57 ::1 
INFO - GRHOP_LOGIN: 11-06-13 02:19:01 ::1 
INFO - GRHOP: 11-06-13 02:19:02 ::1 ms
INFO - GRHOP_LOGIN: 11-06-13 02:19:02 ::1 
INFO - GRHOP: 11-06-13 02:20:58 ::1 ms
INFO - GRHOP_LOGIN: 11-06-13 02:20:58 ::1 
INFO - GRHOP: 11-06-13 02:21:31 ::1 ms
INFO - GRHOP_LOGIN: 11-06-13 02:21:31 ::1 
INFO - GRHOP: 11-06-13 02:22:12 ::1 ms
INFO - GRHOP_LOGIN: 11-06-13 02:22:13 ::1 
INFO - GRHOP: 11-06-13 02:52:05 ::1 ms
INFO - GRHOP_LOGIN: 11-06-13 02:52:05 ::1 
INFO - GRHOP: 11-06-13 02:53:06 ::1 ms
INFO - GRHOP_LOGIN: 11-06-13 02:53:06 ::1 
INFO - GRHOP: 11-06-13 02:55:23 ::1 ms
INFO - GRHOP_LOGIN: 11-06-13 02:55:23 ::1 
INFO - GRHOP: 11-06-13 02:56:20 ::1 ms
INFO - GRHOP_LOGIN: 11-06-13 02:56:20 ::1 
INFO - GRHOP: 11-06-13 02:57:07 ::1 ms
INFO - GRHOP_LOGIN: 11-06-13 02:57:07 ::1 
INFO - GRHOP: 11-06-13 02:58:45 ::1 ms
INFO - GRHOP_LOGIN: 11-06-13 02:58:45 ::1 
INFO - GRHOP: 11-06-13 03:04:39 ::1 ms
INFO - GRHOP_LOGIN: 11-06-13 03:04:39 ::1 
INFO - GRHOP: 11-06-13 03:05:32 ::1 ms
INFO - GRHOP_LOGIN: 11-06-13 03:05:32 ::1 
INFO - GRHOP: 11-06-13 03:05:48 ::1 ms
INFO - GRHOP_LOGIN: 11-06-13 03:05:48 ::1 
INFO - GRHOP: 11-13-13 10:24:14 ::1 ms
INFO - GRHOP: 11-13-13 10:24:16 ::1 ms
INFO - GRHOP_LOGIN: 11-13-13 10:24:16 ::1 
INFO - GRHOP: 11-14-13 09:27:51 ::1 ms
INFO - GRHOP_LOGIN: 11-14-13 09:27:51 ::1 
INFO - GRHOP: 11-14-13 09:33:58 ::1 ms
INFO - GRHOP_LOGIN: 11-14-13 09:33:58 ::1 
INFO - GRHOP: 11-14-13 09:34:16 ::1 ms
INFO - GRHOP_LOGIN: 11-14-13 09:34:16 ::1 
INFO - GRHOP: 11-14-13 09:49:21 ::1 ms
INFO - GRHOP_LOGIN: 11-14-13 09:49:21 ::1 
INFO - GRHOP: 12-10-13 02:53:35 ::1 ms
INFO - GRHOP_LOGIN: 12-10-13 02:53:37 ::1 
INFO - GRHOP: 12-11-13 09:58:28 ::1 ms
INFO - GRHOP_LOGIN: 12-11-13 10:06:35 ::1 
INFO - GRHOP_LOGIN: 12-11-13 10:06:43 ::1 
INFO - GRHOP_LOGIN: 12-11-13 10:08:32 ::1 
INFO - GRHOP_LOGIN: 12-11-13 10:08:36 ::1 
INFO - GRHOP_LOGIN: 12-11-13 10:12:04 ::1 
INFO - GRHOP_LOGIN: 12-11-13 10:12:06 ::1 
INFO - GRHOP_LOGIN: 12-11-13 10:13:30 ::1 
INFO - GRHOP_LOGIN: 12-11-13 10:16:45 ::1 
INFO - GRHOP_LOGIN: 12-11-13 10:17:00 ::1 
INFO - GRHOP_LOGIN: 12-11-13 10:17:19 ::1 
INFO - GRHOP_LOGIN: 12-11-13 10:17:21 ::1 
INFO - GRHOP_LOGIN: 12-11-13 10:20:46 ::1 
INFO - GRHOP_LOGIN: 12-11-13 10:21:09 ::1 
INFO - GRHOP_LOGIN: 12-11-13 10:21:13 ::1 
INFO - GRHOP_LOGIN: 12-11-13 10:23:05 ::1 
INFO - GRHOP_LOGIN: 12-11-13 10:23:09 ::1 
INFO - GRHOP_LOGIN: 12-11-13 04:34:12 ::1 
INFO - GRHOP_LOGIN: 12-11-13 04:34:47 ::1 
INFO - GRHOP_LOGIN: 12-11-13 04:36:45 ::1 
INFO - GRHOP_LOGIN: 12-11-13 04:39:36 ::1 
INFO - GRHOP_LOGIN: 12-11-13 04:39:37 ::1 
INFO - GRHOP_LOGIN: 12-11-13 04:39:38 ::1 
INFO - GRHOP_LOGIN: 12-11-13 04:39:39 ::1 
INFO - GRHOP_LOGIN: 12-11-13 04:39:39 ::1 
INFO - GRHOP_LOGIN: 12-11-13 04:39:40 ::1 
INFO - GRHOP_LOGIN: 12-11-13 04:39:41 ::1 
INFO - GRHOP_LOGIN: 12-11-13 04:39:41 ::1 
INFO - GRHOP_LOGIN: 12-11-13 04:39:42 ::1 
INFO - GRHOP_LOGIN: 12-11-13 04:39:44 ::1 
INFO - GRHOP_LOGIN: 12-11-13 04:40:03 ::1 
INFO - GRHOP_LOGIN: 12-12-13 08:28:06 ::1 
INFO - GRHOP_LOGIN: 12-12-13 08:29:05 ::1 
INFO - GRHOP_LOGIN: 12-12-13 08:29:21 ::1 
INFO - GRHOP_LOGIN: 12-12-13 08:35:56 ::1 
INFO - GRHOP_LOGIN: 12-12-13 08:36:07 ::1 
INFO - GRHOP_LOGIN: 12-12-13 08:39:18 ::1 
INFO - GRHOP_LOGIN: 12-12-13 08:40:22 ::1 
INFO - GRHOP_LOGIN: 12-12-13 08:43:37 ::1 
INFO - GRHOP_LOGIN: 12-12-13 08:53:40 ::1 
INFO - GRHOP_LOGIN: 12-12-13 08:53:51 ::1 
INFO - GRHOP_LOGIN: 12-12-13 08:58:57 ::1 
INFO - GRHOP_LOGIN: 12-12-13 08:59:27 ::1 
INFO - GRHOP_LOGIN: 12-12-13 09:02:28 ::1 
INFO - GRHOP_LOGIN: 12-12-13 09:03:05 ::1 
INFO - GRHOP_LOGIN: 12-12-13 09:03:54 ::1 
INFO - GRHOP_LOGIN: 12-12-13 09:04:41 ::1 
INFO - GRHOP_LOGIN: 12-12-13 09:08:50 ::1 
INFO - GRHOP_LOGIN: 12-12-13 09:09:18 ::1 
INFO - GRHOP_LOGIN: 12-12-13 09:21:30 ::1 
INFO - GRHOP_LOGIN: 12-12-13 09:22:01 ::1 
INFO - GRHOP_LOGIN: 12-12-13 09:22:35 ::1 
INFO - GRHOP_LOGIN: 12-12-13 09:23:11 ::1 
INFO - GRHOP_LOGIN: 12-12-13 09:24:13 ::1 
INFO - GRHOP_LOGIN: 12-12-13 09:32:15 ::1 
INFO - GRHOP_LOGIN: 12-12-13 09:35:00 ::1 
INFO - GRHOP_LOGIN: 12-12-13 09:35:53 ::1 
INFO - GRHOP_LOGIN: 12-12-13 09:36:17 ::1 
INFO - GRHOP_LOGIN: 12-12-13 09:40:24 ::1 
INFO - GRHOP_LOGIN: 12-12-13 09:45:23 ::1 
INFO - GRHOP_LOGIN: 12-12-13 09:48:01 ::1 
INFO - GRHOP_LOGIN: 12-12-13 09:49:55 ::1 
INFO - GRHOP_LOGIN: 12-12-13 10:01:18 ::1 
INFO - GRHOP_LOGIN: 12-12-13 10:01:51 ::1 
INFO - GRHOP_LOGIN: 12-12-13 10:02:46 ::1 
INFO - GRHOP_LOGIN: 12-12-13 10:03:48 ::1 
INFO - GRHOP_LOGIN: 12-12-13 10:04:36 ::1 
INFO - GRHOP_LOGIN: 12-12-13 10:06:04 ::1 
INFO - GRHOP_LOGIN: 12-12-13 10:07:43 ::1 
INFO - GRHOP_LOGIN: 12-12-13 10:08:28 ::1 
INFO - GRHOP_LOGIN: 12-12-13 10:10:09 ::1 
INFO - GRHOP_LOGIN: 12-12-13 10:14:17 ::1 
INFO - GRHOP_LOGIN: 12-12-13 10:16:54 ::1 
INFO - GRHOP_LOGIN: 12-12-13 10:28:29 ::1 
INFO - GRHOP_LOGIN: 12-12-13 10:30:04 ::1 
INFO - GRHOP_LOGIN: 12-12-13 10:30:52 ::1 
INFO - GRHOP_LOGIN: 12-12-13 10:31:44 ::1 
INFO - GRHOP_LOGIN: 12-12-13 10:33:46 ::1 
INFO - GRHOP_LOGIN: 12-12-13 11:10:44 ::1 
INFO - GRHOP_LOGIN: 12-12-13 03:27:56 ::1 
INFO - GRHOP_LOGIN: 12-12-13 03:28:26 ::1 
INFO - GRHOP_LOGIN: 12-12-13 03:32:41 ::1 
INFO - GRHOP_LOGIN: 12-12-13 03:36:05 ::1 
INFO - GRHOP_LOGIN: 12-12-13 03:37:12 ::1 
INFO - GRHOP_LOGIN: 12-12-13 03:38:12 ::1 
INFO - GRHOP_LOGIN: 12-12-13 03:40:02 ::1 
INFO - GRHOP_LOGIN: 12-12-13 03:42:14 ::1 
INFO - GRHOP_LOGIN: 12-12-13 03:44:52 ::1 
INFO - GRHOP_LOGIN: 12-12-13 03:46:51 ::1 
INFO - GRHOP_LOGIN: 12-12-13 03:47:50 ::1 
INFO - GRHOP_LOGIN: 12-12-13 03:50:44 ::1 
INFO - GRHOP_LOGIN: 12-12-13 03:56:28 ::1 
INFO - GRHOP_LOGIN: 12-12-13 03:56:40 ::1 
INFO - GRHOP_LOGIN: 12-12-13 03:56:42 ::1 
INFO - GRHOP_LOGIN: 12-12-13 03:56:43 ::1 
INFO - GRHOP_LOGIN: 12-12-13 03:56:43 ::1 
INFO - GRHOP_LOGIN: 12-12-13 03:56:44 ::1 
INFO - GRHOP_LOGIN: 12-12-13 03:56:46 ::1 
INFO - GRHOP_LOGIN: 12-12-13 03:56:47 ::1 
INFO - GRHOP_LOGIN: 12-12-13 03:56:47 ::1 
INFO - GRHOP_LOGIN: 12-12-13 03:56:48 ::1 
INFO - GRHOP_LOGIN: 12-12-13 03:58:58 ::1 
INFO - GRHOP_LOGIN: 12-12-13 04:00:49 ::1 
INFO - GRHOP_LOGIN: 12-12-13 04:01:54 ::1 
INFO - GRHOP_LOGIN: 12-12-13 04:03:31 ::1 
INFO - GRHOP_LOGIN: 12-13-13 08:39:39 ::1 
INFO - GRHOP_LOGIN: 12-13-13 08:45:38 ::1 
INFO - GRHOP_LOGIN: 12-13-13 08:45:39 ::1 
INFO - GRHOP_LOGIN: 12-13-13 09:06:47 ::1 
INFO - GRHOP_LOGIN: 12-13-13 09:10:52 ::1 
INFO - GRHOP_LOGIN: 12-13-13 09:18:57 ::1 
INFO - GRHOP_LOGIN: 12-13-13 09:21:42 ::1 
INFO - GRHOP_LOGIN: 12-13-13 09:47:53 ::1 
INFO - GRHOP_LOGIN: 12-13-13 09:49:48 ::1 
INFO - GRHOP_LOGIN: 12-13-13 09:59:06 ::1 
INFO - GRHOP_LOGIN: 12-13-13 10:00:34 ::1 
INFO - GRHOP_LOGIN: 12-13-13 10:19:11 ::1 
INFO - GRHOP_LOGIN: 12-13-13 10:19:13 ::1 
INFO - GRHOP_LOGIN: 12-13-13 10:19:16 ::1 
INFO - GRHOP_LOGIN: 12-13-13 10:19:18 ::1 
INFO - GRHOP_LOGIN: 12-13-13 10:20:12 ::1 
INFO - GRHOP_LOGIN: 12-13-13 10:20:14 ::1 
INFO - GRHOP_LOGIN: 12-13-13 10:21:34 ::1 
INFO - GRHOP_LOGIN: 12-13-13 10:21:36 ::1 
INFO - GRHOP_LOGIN: 12-13-13 10:33:43 ::1 
INFO - GRHOP_LOGIN: 12-13-13 01:44:54 ::1 
INFO - GRHOP_LOGIN: 12-13-13 01:48:39 ::1 
INFO - GRHOP_LOGIN: 12-13-13 01:50:33 ::1 
INFO - GRHOP_LOGIN: 12-13-13 01:50:36 ::1 
INFO - GRHOP_LOGIN: 12-13-13 01:50:38 ::1 
INFO - GRHOP_LOGIN: 12-13-13 01:50:40 ::1 
INFO - GRHOP_LOGIN: 12-13-13 01:51:46 ::1 
INFO - GRHOP_LOGIN: 12-13-13 01:56:31 ::1 
INFO - GRHOP_LOGIN: 12-13-13 01:59:27 ::1 
INFO - GRHOP_LOGIN: 12-13-13 02:01:08 ::1 
INFO - GRHOP_LOGIN: 12-13-13 02:04:12 ::1 
INFO - GRHOP_LOGIN: 12-13-13 02:04:15 ::1 
INFO - GRHOP_LOGIN: 12-13-13 03:58:08 ::1 
INFO - GRHOP_LOGIN: 12-13-13 04:11:43 ::1 
INFO - GRHOP_LOGIN: 12-13-13 04:13:15 ::1 
INFO - GRHOP_LOGIN: 12-13-13 04:13:18 ::1 
INFO - GRHOP_LOGIN: 12-13-13 04:13:30 ::1 
INFO - GRHOP_LOGIN: 12-13-13 04:13:32 ::1 
INFO - GRHOP_LOGIN: 12-13-13 04:13:35 ::1 
INFO - GRHOP_LOGIN: 12-13-13 04:13:37 ::1 
INFO - GRHOP_LOGIN: 12-13-13 04:17:49 ::1 
INFO - GRHOP_LOGIN: 12-13-13 04:19:11 ::1 
INFO - GRHOP_LOGIN: 12-13-13 04:19:13 ::1 
INFO - GRHOP_LOGIN: 12-13-13 04:19:17 ::1 
INFO - GRHOP_LOGIN: 12-13-13 04:21:55 ::1 
INFO - GRHOP_LOGIN: 12-13-13 04:22:02 ::1 
INFO - GRHOP_LOGIN: 12-13-13 04:22:03 ::1 
INFO - GRHOP_LOGIN: 12-13-13 04:22:08 ::1 
INFO - GRHOP_LOGIN: 12-13-13 04:22:11 ::1 
INFO - GRHOP_LOGIN: 12-13-13 04:22:15 ::1 
INFO - GRHOP_LOGIN: 12-13-13 04:22:37 ::1 
INFO - GRHOP_LOGIN: 12-13-13 04:22:41 ::1 
INFO - GRHOP_LOGIN: 12-13-13 04:26:24 ::1 
INFO - GRHOP_LOGIN: 12-13-13 04:26:27 ::1 
INFO - GRHOP_LOGIN: 12-13-13 04:26:28 ::1 
INFO - GRHOP_LOGIN: 12-13-13 04:28:04 ::1 
INFO - GRHOP_LOGIN: 12-13-13 04:28:05 ::1 
INFO - GRHOP_LOGIN: 12-13-13 04:28:12 ::1 
INFO - GRHOP_LOGIN: 12-13-13 04:28:14 ::1 
INFO - GRHOP_LOGIN: 12-13-13 04:28:19 ::1 
INFO - GRHOP_LOGIN: 12-13-13 04:28:38 ::1 
INFO - GRHOP_LOGIN: 12-13-13 04:28:55 ::1 
INFO - GRHOP_LOGIN: 12-13-13 04:31:49 ::1 
INFO - GRHOP_LOGIN: 12-13-13 04:32:43 ::1 
INFO - GRHOP_LOGIN: 12-13-13 04:32:45 ::1 
INFO - GRHOP_LOGIN: 12-13-13 04:34:18 ::1 
INFO - GRHOP_LOGIN: 12-13-13 04:34:20 ::1 
INFO - GRHOP_LOGIN: 12-13-13 04:34:50 ::1 
INFO - GRHOP_LOGIN: 12-13-13 04:34:53 ::1 
INFO - GRHOP_LOGIN: 12-13-13 04:35:18 ::1 
INFO - GRHOP_LOGIN: 12-13-13 09:07:39 ::1 
INFO - GRHOP_LOGIN: 12-14-13 10:43:54 ::1 
INFO - GRHOP_LOGIN: 12-14-13 10:44:46 ::1 
INFO - GRHOP_LOGIN: 12-14-13 10:44:57 ::1 
INFO - GRHOP_LOGIN: 12-14-13 09:40:11 ::1 
INFO - GRHOP_LOGIN: 12-14-13 09:45:44 ::1 
INFO - GRHOP_LOGIN: 12-14-13 09:46:21 ::1 
INFO - GRHOP_LOGIN: 12-14-13 09:47:23 ::1 
INFO - GRHOP_LOGIN: 12-16-13 09:19:38 ::1 
INFO - GRHOP_LOGIN: 12-16-13 09:21:31 ::1 
INFO - GRHOP_LOGIN: 12-16-13 09:22:24 ::1 
INFO - GRHOP_LOGIN: 12-16-13 11:28:12 ::1 
INFO - GRHOP_LOGIN: 12-16-13 11:29:00 ::1 
<<<<<<< .mine
INFO - GRHOP_LOGIN: 12-16-13 05:01:44 ::1 
INFO - GRHOP_LOGIN: 12-16-13 05:02:00 ::1 
INFO - GRHOP_LOGIN: 12-16-13 05:03:57 ::1 
INFO - GRHOP_LOGIN: 12-16-13 05:04:32 ::1 
INFO - GRHOP_LOGIN: 12-16-13 05:33:16 ::1 
INFO - GRHOP_LOGIN: 12-16-13 05:34:04 ::1 
INFO - GRHOP_LOGIN: 12-17-13 10:58:59 ::1 
INFO - GRHOP_LOGIN: 12-17-13 10:59:02 ::1 
INFO - GRHOP_LOGIN: 12-17-13 10:59:26 ::1 
INFO - GRHOP_LOGIN: 12-17-13 10:59:29 ::1 
INFO - GRHOP_LOGIN: 12-17-13 10:59:37 ::1 
INFO - GRHOP_LOGIN: 12-17-13 11:01:16 ::1 
INFO - GRHOP_LOGIN: 12-17-13 11:01:20 ::1 
INFO - GRHOP_LOGIN: 12-17-13 11:02:37 ::1 
INFO - GRHOP_LOGIN: 12-17-13 11:02:49 ::1 
INFO - GRHOP_LOGIN: 12-17-13 11:04:35 ::1 
INFO - GRHOP_LOGIN: 12-17-13 11:04:38 ::1 
INFO - GRHOP_LOGIN: 12-17-13 11:06:08 ::1 
INFO - GRHOP_LOGIN: 12-17-13 11:06:09 ::1 
INFO - GRHOP_LOGIN: 12-17-13 11:23:40 ::1 
INFO - GRHOP_LOGIN: 12-17-13 11:24:42 ::1 
INFO - GRHOP_LOGIN: 12-17-13 11:24:45 ::1 
INFO - GRHOP_LOGIN: 12-17-13 11:24:48 ::1 
=======
INFO - GRHOP_LOGIN: 12-17-13 09:43:00 ::1 
INFO - GRHOP_LOGIN: 12-17-13 09:47:19 ::1 
INFO - GRHOP_LOGIN: 12-17-13 09:51:32 ::1 
INFO - GRHOP_LOGIN: 12-17-13 09:52:15 ::1 
INFO - GRHOP_LOGIN: 12-17-13 09:52:42 ::1 
INFO - GRHOP_LOGIN: 12-17-13 09:53:16 ::1 
INFO - GRHOP_LOGIN: 12-17-13 10:02:53 ::1 
INFO - GRHOP_LOGIN: 12-17-13 10:21:27 ::1 
INFO - GRHOP_LOGIN: 12-17-13 10:24:52 ::1 
INFO - GRHOP_LOGIN: 12-17-13 10:27:32 ::1 
INFO - GRHOP_LOGIN: 12-17-13 10:30:10 ::1 
INFO - GRHOP_LOGIN: 12-17-13 10:30:38 ::1 
INFO - GRHOP_LOGIN: 12-17-13 10:33:48 ::1 
INFO - GRHOP_LOGIN: 12-17-13 11:44:11 ::1 
INFO - GRHOP_LOGIN: 12-17-13 11:46:38 ::1 
INFO - GRHOP_LOGIN: 12-17-13 12:28:57 ::1 
INFO - GRHOP_LOGIN: 12-17-13 03:22:49 ::1 
INFO - GRHOP_LOGIN: 12-17-13 03:26:09 ::1 
INFO - GRHOP_LOGIN: 12-17-13 03:27:42 ::1 
>>>>>>> .r30
INFO - GRHOP_LOGIN: 12-17-13 05:33:20 ::1 
INFO - GRHOP_LOGIN: 12-17-13 05:36:26 ::1 
